<?xml version="1.0" encoding="UTF-8"?>
<!-- Generated by org.testng.reporters.JUnitReportReporter -->
<testsuite hostname="MacBook-Pro-3.hsd1.il.comcast.net" name="seleniumtests.TestLogin" tests="1" failures="0" timestamp="23 Mar 2020 22:09:28 GMT" time="8.006" errors="0">
  <testcase name="signIn" time="8.006" classname="seleniumtests.TestLogin"/>
</testsuite> <!-- seleniumtests.TestLogin -->
