<?xml version="1.0" encoding="UTF-8"?>
<!-- Generated by org.testng.reporters.JUnitReportReporter -->
<testsuite hostname="MacBook-Pro-3.hsd1.il.comcast.net" name="seleniumtests.TestLoginWrongEmail" tests="2" failures="0" timestamp="7 Mar 2020 18:01:37 GMT" time="7.328" errors="0">
  <testcase name="navigateHome" time="5.690" classname="seleniumtests.TestLoginWrongEmail"/>
  <testcase name="signIn" time="1.638" classname="seleniumtests.TestLoginWrongEmail"/>
</testsuite> <!-- seleniumtests.TestLoginWrongEmail -->
