<?xml version="1.0" encoding="UTF-8"?>
<!-- Generated by org.testng.reporters.JUnitReportReporter -->
<testsuite hostname="MacBook-Pro-3.hsd1.il.comcast.net" name="seleniumtests.SanityTests" tests="1" failures="0" timestamp="6 Mar 2020 20:02:19 GMT" time="5.391" errors="0">
  <testcase name="CanLaunchWebDriver" time="5.391" classname="seleniumtests.SanityTests"/>
</testsuite> <!-- seleniumtests.SanityTests -->
