<?xml version="1.0" encoding="UTF-8"?>
<!-- Generated by org.testng.reporters.JUnitReportReporter -->
<testsuite hostname="MacBook-Pro-3.hsd1.il.comcast.net" name="seleniumtests.TestLoginWrongPassword" tests="2" failures="0" timestamp="7 Mar 2020 17:59:55 GMT" time="7.363" errors="0">
  <testcase name="navigateHome" time="5.306" classname="seleniumtests.TestLoginWrongPassword"/>
  <testcase name="signIn" time="2.057" classname="seleniumtests.TestLoginWrongPassword"/>
</testsuite> <!-- seleniumtests.TestLoginWrongPassword -->
