<?xml version="1.0" encoding="UTF-8"?>
<!-- Generated by org.testng.reporters.JUnitReportReporter -->
<testsuite hostname="MacBook-Pro-3.hsd1.il.comcast.net" name="seleniumtests.TestAddtoCart" tests="3" failures="0" timestamp="7 Mar 2020 18:08:27 GMT" time="7.797" errors="0">
  <testcase name="signIn" time="1.995" classname="seleniumtests.TestAddtoCart"/>
  <testcase name="addElementToCart" time="0.012" classname="seleniumtests.TestAddtoCart"/>
  <testcase name="navigateHome" time="5.790" classname="seleniumtests.TestAddtoCart"/>
</testsuite> <!-- seleniumtests.TestAddtoCart -->
